<html>
<head>
<title>TestNG:  Default test</title>
<link href="../testng.css" rel="stylesheet" type="text/css" />
<link href="../my-testng.css" rel="stylesheet" type="text/css" />

<style type="text/css">
.log { display: none;} 
.stack-trace { display: none;} 
</style>
<script type="text/javascript">
<!--
function flip(e) {
  current = e.style.display;
  if (current == 'block') {
    e.style.display = 'none';
    return 0;
  }
  else {
    e.style.display = 'block';
    return 1;
  }
}

function toggleBox(szDivId, elem, msg1, msg2)
{
  var res = -1;  if (document.getElementById) {
    res = flip(document.getElementById(szDivId));
  }
  else if (document.all) {
    // this is the way old msie versions work
    res = flip(document.all[szDivId]);
  }
  if(elem) {
    if(res == 0) elem.innerHTML = msg1; else elem.innerHTML = msg2;
  }

}

function toggleAllBoxes() {
  if (document.getElementsByTagName) {
    d = document.getElementsByTagName('div');
    for (i = 0; i < d.length; i++) {
      if (d[i].className == 'log') {
        flip(d[i]);
      }
    }
  }
}

// -->
</script>

</head>
<body>
<h2 align='center'>Default test</h2><table border='1' align="center">
<tr>
<td>Tests passed/Failed/Skipped:</td><td>1/2/0</td>
</tr><tr>
<td>Started on:</td><td>Tue Jul 23 23:22:54 IST 2024</td>
</tr>
<tr><td>Total time:</td><td>78 seconds (78757 ms)</td>
</tr><tr>
<td>Included groups:</td><td></td>
</tr><tr>
<td>Excluded groups:</td><td></td>
</tr>
</table><p/>
<small><i>(Hover the method name to see the test class name)</i></small><p/>
<table width='100%' border='1' class='invocation-failed'>
<tr><td colspan='4' align='center'><b>FAILED TESTS</b></td></tr>
<tr><td><b>Test method</b></td>
<td width="30%"><b>Exception</b></td>
<td width="10%"><b>Time (seconds)</b></td>
<td><b>Instance</b></td>
</tr>
<tr>
<td title='com.orangehrm.runner.TestNGLoginRunner.runScenario()'><b>runScenario</b><br>Test class: com.orangehrm.runner.TestNGLoginRunner<br>Test method: Runs Cucumber Scenarios<br>Parameters: ": Verify login functionality with more users", "Optional[Login Module.]"</td>
<td><div><pre>org.junit.ComparisonFailure: expected:&lt;[Login Successfully]&gt; but was:&lt;[]&gt;
	at org.junit.Assert.assertEquals(Assert.java:117)
	at org.junit.Assert.assertEquals(Assert.java:146)
	at com.orangehrm.utilities.CommonObjects.verifyTextByContainText(CommonObjects.java:209)
	at com.orangehrm.stepDefination.LoginStepDefination.verify_popup_mesaage(LoginStepDefination.java:68)
	at ✽.verify popup mesaage &quot;Login Successfully&quot;.(file:///D:/AutomationWorkspace/AutomationProjects/DemoOrangeHRM/src/test/resources/Features/LoginTestWithMore.feature:11)
</pre></div><a href='#' onClick='toggleBox("stack-trace344633656", this, "Click to show all stack frames", "Click to hide stack frames")'>Click to show all stack frames</a>
<div class='stack-trace' id='stack-trace344633656'><pre>org.junit.ComparisonFailure: expected:&lt;[Login Successfully]&gt; but was:&lt;[]&gt;
	at org.junit.Assert.assertEquals(Assert.java:117)
	at org.junit.Assert.assertEquals(Assert.java:146)
	at com.orangehrm.utilities.CommonObjects.verifyTextByContainText(CommonObjects.java:209)
	at com.orangehrm.stepDefination.LoginStepDefination.verify_popup_mesaage(LoginStepDefination.java:68)
	at ✽.verify popup mesaage &quot;Login Successfully&quot;.(file:///D:/AutomationWorkspace/AutomationProjects/DemoOrangeHRM/src/test/resources/Features/LoginTestWithMore.feature:11)
</pre></div></td>
<td>17</td>
<td>com.orangehrm.runner.TestNGLoginRunner@1aafa419</td></tr>
<tr>
<td title='com.orangehrm.runner.TestNGLoginRunner.runScenario()'><b>runScenario</b><br>Test class: com.orangehrm.runner.TestNGLoginRunner<br>Test method: Runs Cucumber Scenarios<br>Parameters: ": Verify login functionality with more users", "Optional[Login Module.]"</td>
<td><div><pre>java.lang.AssertionError:  &gt;&gt;&gt;&gt;&gt;&gt; Expected and Actual not matching Login Successfully
	at org.junit.Assert.fail(Assert.java:89)
	at com.orangehrm.stepDefination.LoginStepDefination.verify_popup_mesaage(LoginStepDefination.java:72)
	at ✽.verify popup mesaage &quot;Login Successfully&quot;.(file:///D:/AutomationWorkspace/AutomationProjects/DemoOrangeHRM/src/test/resources/Features/LoginTestWithMore.feature:11)
</pre></div><a href='#' onClick='toggleBox("stack-trace269016862", this, "Click to show all stack frames", "Click to hide stack frames")'>Click to show all stack frames</a>
<div class='stack-trace' id='stack-trace269016862'><pre>java.lang.AssertionError:  &gt;&gt;&gt;&gt;&gt;&gt; Expected and Actual not matching Login Successfully
	at org.junit.Assert.fail(Assert.java:89)
	at com.orangehrm.stepDefination.LoginStepDefination.verify_popup_mesaage(LoginStepDefination.java:72)
	at ✽.verify popup mesaage &quot;Login Successfully&quot;.(file:///D:/AutomationWorkspace/AutomationProjects/DemoOrangeHRM/src/test/resources/Features/LoginTestWithMore.feature:11)
</pre></div></td>
<td>30</td>
<td>com.orangehrm.runner.TestNGLoginRunner@1aafa419</td></tr>
</table><p>
<table width='100%' border='1' class='invocation-passed'>
<tr><td colspan='4' align='center'><b>PASSED TESTS</b></td></tr>
<tr><td><b>Test method</b></td>
<td width="30%"><b>Exception</b></td>
<td width="10%"><b>Time (seconds)</b></td>
<td><b>Instance</b></td>
</tr>
<tr>
<td title='com.orangehrm.runner.TestNGLoginRunner.runScenario()'><b>runScenario</b><br>Test class: com.orangehrm.runner.TestNGLoginRunner<br>Test method: Runs Cucumber Scenarios<br>Parameters: ": Verify login functionality with more users", "Optional[Login Module.]"</td>
<td></td>
<td>24</td>
<td>com.orangehrm.runner.TestNGLoginRunner@1aafa419</td></tr>
</table><p>
</body>
</html>